
Shift_R
T
h
o
m
a
s
Control_L
BackSpace
t
t
m
r
r
e
d
comma
r
e
d
0
BackSpace
equal
2
BackSpace
r
e
d
r
e
d
space
Shift_R
plus
equal
space
1
Control_L
s
Control_L
r
e
d
f
a
BackSpace
BackSpace
Control_L
s
r
e
f
e
r
e
n
c
e
space
v
a
l
u
e
space
o
u
t
s
i
d
e
space
o
f
space
f
u
n
t
BackSpace
c
t
i
o
n
Return
space
p
y
t
h
o
n
Return
Return
g
l
o
b
a
l
space
r
e
d
Return
r
e
d
space
equal
0
BackSpace
space
0
Control_L
s
Control_L
r
r
r
e
d
y
e
s
Shift_R
A
period
Shift_R
J
BackSpace
BackSpace
BackSpace
t
t
e
s
t
c
a
t
Control_L
q
w
e
e
e
e
e
e
e
e
e
e
e
e
e
e
e
e
e
e
e
e
e
e
e
Control_L
c
Control_L
w
o
w
BackSpace
BackSpace
d
i
d
i
t
r
e
d
b
a
n
k
space
a
c
c
c
o
u
n
t
Control_L
s
t
e
v
e
n
r
e
d
r
e
Return
Control_L
